vars created
temp buckets instantiated
buckets instantiated
Bucket 0:
the bucket 0 have 5.
----------------------------
Segmento 0:
fragmentation and sequencing. Computer programs then use the overlapping ends of different reads to assemble them into a continuous sequence. Shotgun sequencing was one of the precursor technologies that was responsible for enabling full genome sequencing.
----------------------------
Segmento 1:
sequenced using the chain termination method to obtain reads. Multiple overlapping reads for the target DNA are obtained by performing several rounds of this fragmentation and sequencing. Computer programs then use the overlapping ends of different reads to assemble
----------------------------
Segmento 2:
methods are used for this: primer walking (or "chromosome walking") which progresses through the entire strand piece by piece, and shotgun sequencing which is a faster but more complex process that uses random fragments. In shotgun sequencing, DNA is broken up randomly into numerous small segments, which are sequenced using the chain termination method to obtain reads. Multiple
----------------------------
Segmento 3:
quasi-random firing pattern of a shotgun. The chain termination method of DNA sequencing (or "Sanger sequencing" for its developer Frederick Sanger) can only be used for fairly short strands of 100 to 1000 base pairs. Longer sequences are subdivided into smaller fragments that can be sequenced separately, and subsequently they are re-assembled to give the overall sequence. Two principal methods are used for this: primer
----------------------------
Segmento 4:
In genetics, shotgun sequencing, also known as shotgun cloning, is a method used for sequencing long DNA strands. It is named by analogy with the rapidly expanding, quasi-random firing pattern of a shotgun. The chain termination method of DNA sequencing (or "Sanger sequencing" for its developer
===============Iteration 1=================
segments[0] = "fragmentation and... -> ...enome sequencing."
segments[1] = "sequenced using t... -> ...reads to assemble"
segments[2] = "methods are used ... -> ...n reads. Multiple"
segments[3] = "quasi-random firi... -> ... for this: primer"
segments[4] = "In genetics, shot... -> ...for its developer"
line 0 has 0 comparisons
line 1 has 1 comparisons
line 2 has 2 comparisons
line 3 has 3 comparisons
line 4 has 4 comparisons
Merging -sequenced using the chain termination method to obtain reads. Multiple overlapping reads for the target DNA are obtained by performing several rounds of this fragmentation and sequencing. Computer programs then use the overlapping ends of different reads to assemble- with -fragmentation and sequencing. Computer programs then use the overlapping ends of different reads to assemble them into a continuous sequence. Shotgun sequencing was one of the precursor technologies that was responsible for enabling full genome sequencing.- results in ->
sequenced using the chain termination method to obtain reads. Multiple overlapping reads for the target DNA are obtained by performing several rounds of this fragmentation and sequencing. Computer programs then use the overlapping ends of different reads to assemble them into a continuous sequence. Shotgun sequencing was one of the precursor technologies that was responsible for enabling full genome sequencing.
Merging -methods are used for this: primer walking (or "chromosome walking") which progresses through the entire strand piece by piece, and shotgun sequencing which is a faster but more complex process that uses random fragments. In shotgun sequencing, DNA is broken up randomly into numerous small segments, which are sequenced using the chain termination method to obtain reads. Multiple- with -sequenced using the chain termination method to obtain reads. Multiple overlapping reads for the target DNA are obtained by performing several rounds of this fragmentation and sequencing. Computer programs then use the overlapping ends of different reads to assemble- results in ->
methods are used for this: primer walking (or "chromosome walking") which progresses through the entire strand piece by piece, and shotgun sequencing which is a faster but more complex process that uses random fragments. In shotgun sequencing, DNA is broken up randomly into numerous small segments, which are sequenced using the chain termination method to obtain reads. Multiple overlapping reads for the target DNA are obtained by performing several rounds of this fragmentation and sequencing. Computer programs then use the overlapping ends of different reads to assemble
Merging -quasi-random firing pattern of a shotgun. The chain termination method of DNA sequencing (or "Sanger sequencing" for its developer Frederick Sanger) can only be used for fairly short strands of 100 to 1000 base pairs. Longer sequences are subdivided into smaller fragments that can be sequenced separately, and subsequently they are re-assembled to give the overall sequence. Two principal methods are used for this: primer- with -methods are used for this: primer walking (or "chromosome walking") which progresses through the entire strand piece by piece, and shotgun sequencing which is a faster but more complex process that uses random fragments. In shotgun sequencing, DNA is broken up randomly into numerous small segments, which are sequenced using the chain termination method to obtain reads. Multiple- results in ->
quasi-random firing pattern of a shotgun. The chain termination method of DNA sequencing (or "Sanger sequencing" for its developer Frederick Sanger) can only be used for fairly short strands of 100 to 1000 base pairs. Longer sequences are subdivided into smaller fragments that can be sequenced separately, and subsequently they are re-assembled to give the overall sequence. Two principal methods are used for this: primer walking (or "chromosome walking") which progresses through the entire strand piece by piece, and shotgun sequencing which is a faster but more complex process that uses random fragments. In shotgun sequencing, DNA is broken up randomly into numerous small segments, which are sequenced using the chain termination method to obtain reads. Multiple
Merging -In genetics, shotgun sequencing, also known as shotgun cloning, is a method used for sequencing long DNA strands. It is named by analogy with the rapidly expanding, quasi-random firing pattern of a shotgun. The chain termination method of DNA sequencing (or "Sanger sequencing" for its developer- with -quasi-random firing pattern of a shotgun. The chain termination method of DNA sequencing (or "Sanger sequencing" for its developer Frederick Sanger) can only be used for fairly short strands of 100 to 1000 base pairs. Longer sequences are subdivided into smaller fragments that can be sequenced separately, and subsequently they are re-assembled to give the overall sequence. Two principal methods are used for this: primer- results in ->
In genetics, shotgun sequencing, also known as shotgun cloning, is a method used for sequencing long DNA strands. It is named by analogy with the rapidly expanding, quasi-random firing pattern of a shotgun. The chain termination method of DNA sequencing (or "Sanger sequencing" for its developer Frederick Sanger) can only be used for fairly short strands of 100 to 1000 base pairs. Longer sequences are subdivided into smaller fragments that can be sequenced separately, and subsequently they are re-assembled to give the overall sequence. Two principal methods are used for this: primer
===============Iteration 1=================

===============Iteration 2=================
segments[0] = "fragmentation and... -> ...enome sequencing."
segments[1] = "sequenced using t... -> ...reads to assemble"
segments[2] = "methods are used ... -> ...n reads. Multiple"
segments[3] = "In genetics, shot... -> ... for this: primer"
line 0 has 0 comparisons
line 1 has 1 comparisons
line 2 has 2 comparisons
line 3 has 3 comparisons
tentando reciclar 1 e 0 Passo 1
tentando reciclar os antigos 1 e 0 Passo 2
reciclado
tentando reciclar 2 e 0 Passo 1
tentando reciclar os antigos 2 e 0 Passo 2
reciclado
tentando reciclar 2 e 1 Passo 1
tentando reciclar os antigos 2 e 1 Passo 2
reciclado
Merging -In genetics, shotgun sequencing, also known as shotgun cloning, is a method used for sequencing long DNA strands. It is named by analogy with the rapidly expanding, quasi-random firing pattern of a shotgun. The chain termination method of DNA sequencing (or "Sanger sequencing" for its developer Frederick Sanger) can only be used for fairly short strands of 100 to 1000 base pairs. Longer sequences are subdivided into smaller fragments that can be sequenced separately, and subsequently they are re-assembled to give the overall sequence. Two principal methods are used for this: primer- with -methods are used for this: primer walking (or "chromosome walking") which progresses through the entire strand piece by piece, and shotgun sequencing which is a faster but more complex process that uses random fragments. In shotgun sequencing, DNA is broken up randomly into numerous small segments, which are sequenced using the chain termination method to obtain reads. Multiple- results in ->
In genetics, shotgun sequencing, also known as shotgun cloning, is a method used for sequencing long DNA strands. It is named by analogy with the rapidly expanding, quasi-random firing pattern of a shotgun. The chain termination method of DNA sequencing (or "Sanger sequencing" for its developer Frederick Sanger) can only be used for fairly short strands of 100 to 1000 base pairs. Longer sequences are subdivided into smaller fragments that can be sequenced separately, and subsequently they are re-assembled to give the overall sequence. Two principal methods are used for this: primer walking (or "chromosome walking") which progresses through the entire strand piece by piece, and shotgun sequencing which is a faster but more complex process that uses random fragments. In shotgun sequencing, DNA is broken up randomly into numerous small segments, which are sequenced using the chain termination method to obtain reads. Multiple
===============Iteration 2=================

===============Iteration 3=================
segments[0] = "fragmentation and... -> ...enome sequencing."
segments[1] = "sequenced using t... -> ...reads to assemble"
segments[2] = "In genetics, shot... -> ...n reads. Multiple"
line 0 has 0 comparisons
line 1 has 1 comparisons
line 2 has 2 comparisons
tentando reciclar 1 e 0 Passo 1
tentando reciclar os antigos 1 e 0 Passo 2
reciclado
Merging -In genetics, shotgun sequencing, also known as shotgun cloning, is a method used for sequencing long DNA strands. It is named by analogy with the rapidly expanding, quasi-random firing pattern of a shotgun. The chain termination method of DNA sequencing (or "Sanger sequencing" for its developer Frederick Sanger) can only be used for fairly short strands of 100 to 1000 base pairs. Longer sequences are subdivided into smaller fragments that can be sequenced separately, and subsequently they are re-assembled to give the overall sequence. Two principal methods are used for this: primer walking (or "chromosome walking") which progresses through the entire strand piece by piece, and shotgun sequencing which is a faster but more complex process that uses random fragments. In shotgun sequencing, DNA is broken up randomly into numerous small segments, which are sequenced using the chain termination method to obtain reads. Multiple- with -sequenced using the chain termination method to obtain reads. Multiple overlapping reads for the target DNA are obtained by performing several rounds of this fragmentation and sequencing. Computer programs then use the overlapping ends of different reads to assemble- results in ->
In genetics, shotgun sequencing, also known as shotgun cloning, is a method used for sequencing long DNA strands. It is named by analogy with the rapidly expanding, quasi-random firing pattern of a shotgun. The chain termination method of DNA sequencing (or "Sanger sequencing" for its developer Frederick Sanger) can only be used for fairly short strands of 100 to 1000 base pairs. Longer sequences are subdivided into smaller fragments that can be sequenced separately, and subsequently they are re-assembled to give the overall sequence. Two principal methods are used for this: primer walking (or "chromosome walking") which progresses through the entire strand piece by piece, and shotgun sequencing which is a faster but more complex process that uses random fragments. In shotgun sequencing, DNA is broken up randomly into numerous small segments, which are sequenced using the chain termination method to obtain reads. Multiple overlapping reads for the target DNA are obtained by performing several rounds of this fragmentation and sequencing. Computer programs then use the overlapping ends of different reads to assemble
===============Iteration 3=================

===============Iteration 4=================
segments[0] = "fragmentation and... -> ...enome sequencing."
segments[1] = "In genetics, shot... -> ...reads to assemble"
line 0 has 0 comparisons
line 1 has 1 comparisons
Merging -In genetics, shotgun sequencing, also known as shotgun cloning, is a method used for sequencing long DNA strands. It is named by analogy with the rapidly expanding, quasi-random firing pattern of a shotgun. The chain termination method of DNA sequencing (or "Sanger sequencing" for its developer Frederick Sanger) can only be used for fairly short strands of 100 to 1000 base pairs. Longer sequences are subdivided into smaller fragments that can be sequenced separately, and subsequently they are re-assembled to give the overall sequence. Two principal methods are used for this: primer walking (or "chromosome walking") which progresses through the entire strand piece by piece, and shotgun sequencing which is a faster but more complex process that uses random fragments. In shotgun sequencing, DNA is broken up randomly into numerous small segments, which are sequenced using the chain termination method to obtain reads. Multiple overlapping reads for the target DNA are obtained by performing several rounds of this fragmentation and sequencing. Computer programs then use the overlapping ends of different reads to assemble- with -fragmentation and sequencing. Computer programs then use the overlapping ends of different reads to assemble them into a continuous sequence. Shotgun sequencing was one of the precursor technologies that was responsible for enabling full genome sequencing.- results in ->
In genetics, shotgun sequencing, also known as shotgun cloning, is a method used for sequencing long DNA strands. It is named by analogy with the rapidly expanding, quasi-random firing pattern of a shotgun. The chain termination method of DNA sequencing (or "Sanger sequencing" for its developer Frederick Sanger) can only be used for fairly short strands of 100 to 1000 base pairs. Longer sequences are subdivided into smaller fragments that can be sequenced separately, and subsequently they are re-assembled to give the overall sequence. Two principal methods are used for this: primer walking (or "chromosome walking") which progresses through the entire strand piece by piece, and shotgun sequencing which is a faster but more complex process that uses random fragments. In shotgun sequencing, DNA is broken up randomly into numerous small segments, which are sequenced using the chain termination method to obtain reads. Multiple overlapping reads for the target DNA are obtained by performing several rounds of this fragmentation and sequencing. Computer programs then use the overlapping ends of different reads to assemble them into a continuous sequence. Shotgun sequencing was one of the precursor technologies that was responsible for enabling full genome sequencing.
===============Iteration 4=================

Final processing of the bucket[inside]
segments[0] = "In genetics, shotgun sequencing, also known as shotgun cloning, is a method used for sequencing long DNA strands. It is named by analogy with the rapidly expanding, quasi-random firing pattern of a shotgun. The chain termination method of DNA sequencing (or "Sanger sequencing" for its developer Frederick Sanger) can only be used for fairly short strands of 100 to 1000 base pairs. Longer sequences are subdivided into smaller fragments that can be sequenced separately, and subsequently they are re-assembled to give the overall sequence. Two principal methods are used for this: primer walking (or "chromosome walking") which progresses through the entire strand piece by piece, and shotgun sequencing which is a faster but more complex process that uses random fragments. In shotgun sequencing, DNA is broken up randomly into numerous small segments, which are sequenced using the chain termination method to obtain reads. Multiple overlapping reads for the target DNA are obtained by performing several rounds of this fragmentation and sequencing. Computer programs then use the overlapping ends of different reads to assemble them into a continuous sequence. Shotgun sequencing was one of the precursor technologies that was responsible for enabling full genome sequencing."
Final processing of the bucket[outside]
segments[0] = "In genetics, shotgun sequencing, also known as shotgun cloning, is a method used for sequencing long DNA strands. It is named by analogy with the rapidly expanding, quasi-random firing pattern of a shotgun. The chain termination method of DNA sequencing (or "Sanger sequencing" for its developer Frederick Sanger) can only be used for fairly short strands of 100 to 1000 base pairs. Longer sequences are subdivided into smaller fragments that can be sequenced separately, and subsequently they are re-assembled to give the overall sequence. Two principal methods are used for this: primer walking (or "chromosome walking") which progresses through the entire strand piece by piece, and shotgun sequencing which is a faster but more complex process that uses random fragments. In shotgun sequencing, DNA is broken up randomly into numerous small segments, which are sequenced using the chain termination method to obtain reads. Multiple overlapping reads for the target DNA are obtained by performing several rounds of this fragmentation and sequencing. Computer programs then use the overlapping ends of different reads to assemble them into a continuous sequence. Shotgun sequencing was one of the precursor technologies that was responsible for enabling full genome sequencing."
the bucket 0 now have 1.
1 segments left in total.
Bucket final:
----------------------------
Segmento 0:
In genetics, shotgun sequencing, also known as shotgun cloning, is a method used for sequencing long DNA strands. It is named by analogy with the rapidly expanding, quasi-random firing pattern of a shotgun. The chain termination method of DNA sequencing (or "Sanger sequencing" for its developer Frederick Sanger) can only be used for fairly short strands of 100 to 1000 base pairs. Longer sequences are subdivided into smaller fragments that can be sequenced separately, and subsequently they are re-assembled to give the overall sequence. Two principal methods are used for this: primer walking (or "chromosome walking") which progresses through the entire strand piece by piece, and shotgun sequencing which is a faster but more complex process that uses random fragments. In shotgun sequencing, DNA is broken up randomly into numerous small segments, which are sequenced using the chain termination method to obtain reads. Multiple overlapping reads for the target DNA are obtained by performing several rounds of this fragmentation and sequencing. Computer programs then use the overlapping ends of different reads to assemble them into a continuous sequence. Shotgun sequencing was one of the precursor technologies that was responsible for enabling full genome sequencing.
Final processing of the bucket[inside]
segments[0] = "In genetics, shotgun sequencing, also known as shotgun cloning, is a method used for sequencing long DNA strands. It is named by analogy with the rapidly expanding, quasi-random firing pattern of a shotgun. The chain termination method of DNA sequencing (or "Sanger sequencing" for its developer Frederick Sanger) can only be used for fairly short strands of 100 to 1000 base pairs. Longer sequences are subdivided into smaller fragments that can be sequenced separately, and subsequently they are re-assembled to give the overall sequence. Two principal methods are used for this: primer walking (or "chromosome walking") which progresses through the entire strand piece by piece, and shotgun sequencing which is a faster but more complex process that uses random fragments. In shotgun sequencing, DNA is broken up randomly into numerous small segments, which are sequenced using the chain termination method to obtain reads. Multiple overlapping reads for the target DNA are obtained by performing several rounds of this fragmentation and sequencing. Computer programs then use the overlapping ends of different reads to assemble them into a continuous sequence. Shotgun sequencing was one of the precursor technologies that was responsible for enabling full genome sequencing."
In genetics, shotgun sequencing, also known as shotgun cloning, is a method used for sequencing long DNA strands. It is named by analogy with the rapidly expanding, quasi-random firing pattern of a shotgun. The chain termination method of DNA sequencing (or "Sanger sequencing" for its developer Frederick Sanger) can only be used for fairly short strands of 100 to 1000 base pairs. Longer sequences are subdivided into smaller fragments that can be sequenced separately, and subsequently they are re-assembled to give the overall sequence. Two principal methods are used for this: primer walking (or "chromosome walking") which progresses through the entire strand piece by piece, and shotgun sequencing which is a faster but more complex process that uses random fragments. In shotgun sequencing, DNA is broken up randomly into numerous small segments, which are sequenced using the chain termination method to obtain reads. Multiple overlapping reads for the target DNA are obtained by performing several rounds of this fragmentation and sequencing. Computer programs then use the overlapping ends of different reads to assemble them into a continuous sequence. Shotgun sequencing was one of the precursor technologies that was responsible for enabling full genome sequencing.